2020/02/24 20:04:13 [alert] 1#0: worker process 9 exited on signal 9
2020/02/24 23:58:34 [alert] 1#0: worker process 7 exited on signal 9
2020/02/24 23:58:34 [alert] 1#0: worker process 9 exited on signal 9
2020/02/24 23:58:34 [alert] 1#0: worker process 10 exited on signal 9
2020/02/24 23:58:34 [alert] 1#0: worker process 8 exited on signal 9
2020/02/25 21:53:27 [error] 7#0: *1 FastCGI sent in stderr: "Primary script unknown" while reading response header from upstream, client: 172.17.0.3, server: 192.168.0.54, request: "GET / HTTP/1.1", upstream: "fastcgi://172.17.0.5:9000", host: "sisglobal.local"
2020/02/25 21:56:56 [alert] 1#0: worker process 9 exited on signal 9
2020/02/25 21:56:56 [alert] 1#0: worker process 7 exited on signal 9
2020/02/25 21:56:56 [alert] 1#0: worker process 8 exited on signal 9
2020/02/25 21:56:56 [alert] 1#0: worker process 10 exited on signal 9
2020/02/25 21:58:14 [error] 6#0: *1 FastCGI sent in stderr: "Primary script unknown" while reading response header from upstream, client: 172.17.0.9, server: 192.168.0.54, request: "GET / HTTP/1.1", upstream: "fastcgi://172.17.0.5:9000", host: "sisglobal.local"
2020/02/25 21:58:16 [error] 6#0: *3 FastCGI sent in stderr: "Primary script unknown" while reading response header from upstream, client: 172.17.0.9, server: 192.168.0.54, request: "GET / HTTP/1.1", upstream: "fastcgi://172.17.0.5:9000", host: "sisglobal.local"
2020/02/25 22:07:40 [emerg] 1#0: host not found in upstream "phpfpm" in /etc/nginx/sites-enabled/default:17
2020/02/25 22:07:46 [emerg] 1#0: host not found in upstream "phpfpm" in /etc/nginx/sites-enabled/default:17
2020/02/25 22:08:05 [emerg] 1#0: host not found in upstream "phpfpm" in /etc/nginx/sites-enabled/default:17
2020/02/25 22:08:17 [emerg] 1#0: host not found in upstream "phpfpm" in /etc/nginx/sites-enabled/default:17
2020/02/25 22:08:25 [emerg] 1#0: host not found in upstream "phpfpm" in /etc/nginx/sites-enabled/default:17
2020/02/25 22:08:29 [emerg] 1#0: host not found in upstream "phpfpm" in /etc/nginx/sites-enabled/default:17
2020/02/25 22:08:34 [emerg] 1#0: host not found in upstream "phpfpm" in /etc/nginx/sites-enabled/default:17
2020/02/25 22:08:42 [emerg] 1#0: host not found in upstream "phpfpm" in /etc/nginx/sites-enabled/default:17
2020/02/25 22:08:57 [emerg] 1#0: host not found in upstream "phpfpm" in /etc/nginx/sites-enabled/default:17
2020/02/25 22:09:25 [emerg] 1#0: host not found in upstream "phpfpm" in /etc/nginx/sites-enabled/default:17
2020/02/25 22:09:51 [emerg] 1#0: invalid number of arguments in "fastcgi_index" directive in /etc/nginx/sites-enabled/default:18
2020/02/25 22:09:54 [emerg] 1#0: invalid number of arguments in "fastcgi_index" directive in /etc/nginx/sites-enabled/default:18
2020/02/25 22:09:57 [emerg] 1#0: invalid number of arguments in "fastcgi_index" directive in /etc/nginx/sites-enabled/default:18
2020/02/25 22:10:01 [emerg] 1#0: invalid number of arguments in "fastcgi_index" directive in /etc/nginx/sites-enabled/default:18
2020/02/25 22:10:04 [emerg] 1#0: invalid number of arguments in "fastcgi_index" directive in /etc/nginx/sites-enabled/default:18
2020/02/25 22:10:08 [emerg] 1#0: invalid number of arguments in "fastcgi_index" directive in /etc/nginx/sites-enabled/default:18
2020/02/25 22:10:12 [emerg] 1#0: invalid number of arguments in "fastcgi_index" directive in /etc/nginx/sites-enabled/default:18
2020/02/25 22:11:36 [emerg] 1#0: invalid number of arguments in "fastcgi_index" directive in /etc/nginx/sites-enabled/default:18
2020/02/25 22:11:47 [emerg] 1#0: invalid number of arguments in "fastcgi_index" directive in /etc/nginx/sites-enabled/default:18
2020/02/25 22:11:57 [emerg] 1#0: invalid number of arguments in "fastcgi_index" directive in /etc/nginx/sites-enabled/default:18
2020/02/25 22:12:04 [emerg] 1#0: invalid number of arguments in "fastcgi_index" directive in /etc/nginx/sites-enabled/default:18
2020/02/25 22:12:11 [emerg] 1#0: invalid number of arguments in "fastcgi_index" directive in /etc/nginx/sites-enabled/default:18
2020/02/25 22:12:19 [emerg] 1#0: invalid number of arguments in "fastcgi_index" directive in /etc/nginx/sites-enabled/default:18
2020/02/25 22:12:25 [emerg] 1#0: invalid number of arguments in "fastcgi_index" directive in /etc/nginx/sites-enabled/default:18
2020/02/25 22:12:35 [emerg] 1#0: invalid number of arguments in "fastcgi_index" directive in /etc/nginx/sites-enabled/default:18
2020/02/25 22:12:50 [emerg] 1#0: invalid number of arguments in "fastcgi_index" directive in /etc/nginx/sites-enabled/default:18
2020/02/25 22:13:19 [emerg] 1#0: invalid number of arguments in "fastcgi_index" directive in /etc/nginx/sites-enabled/default:18
2020/02/25 22:16:40 [emerg] 1#0: invalid number of arguments in "fastcgi_index" directive in /etc/nginx/sites-enabled/default:18
2020/02/25 22:16:50 [emerg] 1#0: invalid number of arguments in "fastcgi_index" directive in /etc/nginx/sites-enabled/default:18
2020/02/25 22:16:56 [emerg] 1#0: invalid number of arguments in "fastcgi_index" directive in /etc/nginx/sites-enabled/default:18
2020/02/25 22:17:01 [emerg] 1#0: invalid number of arguments in "fastcgi_index" directive in /etc/nginx/sites-enabled/default:18
2020/02/25 22:17:05 [emerg] 1#0: invalid number of arguments in "fastcgi_index" directive in /etc/nginx/sites-enabled/default:18
2020/02/25 22:17:09 [emerg] 1#0: invalid number of arguments in "fastcgi_index" directive in /etc/nginx/sites-enabled/default:18
2020/02/25 22:17:15 [emerg] 1#0: invalid number of arguments in "fastcgi_index" directive in /etc/nginx/sites-enabled/default:18
2020/02/25 22:17:24 [emerg] 1#0: invalid number of arguments in "fastcgi_index" directive in /etc/nginx/sites-enabled/default:18
2020/02/25 22:17:39 [emerg] 1#0: invalid number of arguments in "fastcgi_index" directive in /etc/nginx/sites-enabled/default:18
2020/02/25 22:18:08 [emerg] 1#0: invalid number of arguments in "fastcgi_index" directive in /etc/nginx/sites-enabled/default:18
2020/03/19 18:38:23 [emerg] 1#0: host not found in upstream "phpfpm" in /etc/nginx/sites-enabled/default:17
2020/03/19 18:38:30 [emerg] 1#0: host not found in upstream "phpfpm" in /etc/nginx/sites-enabled/default:17
2020/03/19 18:38:45 [emerg] 1#0: host not found in upstream "phpfpm" in /etc/nginx/sites-enabled/default:17
2020/03/19 18:38:53 [emerg] 1#0: host not found in upstream "phpfpm" in /etc/nginx/sites-enabled/default:17
2020/03/19 18:39:00 [emerg] 1#0: host not found in upstream "phpfpm" in /etc/nginx/sites-enabled/default:17
2020/03/19 18:39:17 [emerg] 1#0: host not found in upstream "phpfpm" in /etc/nginx/sites-enabled/default:17
2020/03/19 18:39:20 [emerg] 1#0: host not found in upstream "phpfpm" in /etc/nginx/sites-enabled/default:17
2020/03/19 18:39:27 [emerg] 1#0: host not found in upstream "phpfpm" in /etc/nginx/sites-enabled/default:17
2020/03/19 18:39:42 [emerg] 1#0: host not found in upstream "phpfpm" in /etc/nginx/sites-enabled/default:17
2020/03/19 18:39:45 [emerg] 1#0: host not found in upstream "phpfpm" in /etc/nginx/sites-enabled/default:17
2020/03/19 18:45:19 [error] 6#0: *1 directory index of "/usr/share/nginx/html/" is forbidden, client: 172.24.0.4, server: localhost, request: "GET / HTTP/1.1", host: "192.168.0.53"
2020/03/19 21:15:07 [emerg] 1#0: host not found in upstream "phpfpm" in /etc/nginx/sites-enabled/default:17
2020/03/19 21:15:11 [emerg] 1#0: host not found in upstream "phpfpm" in /etc/nginx/sites-enabled/default:17
2020/03/19 21:15:19 [emerg] 1#0: host not found in upstream "phpfpm" in /etc/nginx/sites-enabled/default:17
2020/03/19 21:15:22 [emerg] 1#0: host not found in upstream "phpfpm" in /etc/nginx/sites-enabled/default:17
2020/03/19 21:15:37 [emerg] 1#0: host not found in upstream "phpfpm" in /etc/nginx/sites-enabled/default:17
2020/03/19 21:15:47 [emerg] 1#0: host not found in upstream "phpfpm" in /etc/nginx/sites-enabled/default:17
2020/03/19 21:15:54 [emerg] 1#0: host not found in upstream "phpfpm" in /etc/nginx/sites-enabled/default:17
2020/03/19 21:16:04 [emerg] 1#0: host not found in upstream "phpfpm" in /etc/nginx/sites-enabled/default:17
2020/03/19 21:16:13 [emerg] 1#0: host not found in upstream "phpfpm" in /etc/nginx/sites-enabled/default:17
2020/03/19 21:16:16 [emerg] 1#0: host not found in upstream "phpfpm" in /etc/nginx/sites-enabled/default:17
2020/03/19 21:16:21 [emerg] 1#0: host not found in upstream "phpfpm" in /etc/nginx/sites-enabled/default:17
2020/03/19 21:16:25 [emerg] 1#0: host not found in upstream "phpfpm" in /etc/nginx/sites-enabled/default:17
2020/03/19 21:16:28 [emerg] 1#0: host not found in upstream "phpfpm" in /etc/nginx/sites-enabled/default:17
2020/03/19 21:16:55 [emerg] 1#0: host not found in upstream "phpfpm" in /etc/nginx/sites-enabled/default:17
2020/03/19 21:16:59 [emerg] 1#0: host not found in upstream "phpfpm" in /etc/nginx/sites-enabled/default:17
2020/03/19 21:17:17 [emerg] 1#0: host not found in upstream "phpfpm" in /etc/nginx/sites-enabled/default:17
2020/03/19 21:17:21 [emerg] 1#0: host not found in upstream "phpfpm" in /etc/nginx/sites-enabled/default:17
2020/03/19 21:17:42 [emerg] 1#0: host not found in upstream "phpfpm" in /etc/nginx/sites-enabled/default:17
2020/03/19 21:17:45 [emerg] 1#0: host not found in upstream "phpfpm" in /etc/nginx/sites-enabled/default:17
2020/03/19 21:17:47 [emerg] 1#0: host not found in upstream "phpfpm" in /etc/nginx/sites-enabled/default:17
2020/03/19 21:17:50 [emerg] 1#0: host not found in upstream "phpfpm" in /etc/nginx/sites-enabled/default:17
2020/03/19 21:17:53 [emerg] 1#0: host not found in upstream "phpfpm" in /etc/nginx/sites-enabled/default:17
2020/03/19 21:17:57 [emerg] 1#0: host not found in upstream "phpfpm" in /etc/nginx/sites-enabled/default:17
2020/03/19 21:18:02 [emerg] 1#0: host not found in upstream "phpfpm" in /etc/nginx/sites-enabled/default:17
2020/03/19 21:18:10 [emerg] 1#0: host not found in upstream "phpfpm" in /etc/nginx/sites-enabled/default:17
2020/03/19 21:18:26 [emerg] 1#0: host not found in upstream "phpfpm" in /etc/nginx/sites-enabled/default:17
2020/03/19 21:18:53 [emerg] 1#0: host not found in upstream "phpfpm" in /etc/nginx/sites-enabled/default:17
2020/03/19 21:19:46 [emerg] 1#0: host not found in upstream "phpfpm" in /etc/nginx/sites-enabled/default:17
2020/03/19 21:20:47 [emerg] 1#0: host not found in upstream "phpfpm" in /etc/nginx/sites-enabled/default:17
2020/03/19 21:21:49 [emerg] 1#0: host not found in upstream "phpfpm" in /etc/nginx/sites-enabled/default:17
2020/03/19 21:22:50 [emerg] 1#0: host not found in upstream "phpfpm" in /etc/nginx/sites-enabled/default:17
2020/03/19 21:23:52 [emerg] 1#0: host not found in upstream "phpfpm" in /etc/nginx/sites-enabled/default:17
2020/03/19 21:24:54 [emerg] 1#0: host not found in upstream "phpfpm" in /etc/nginx/sites-enabled/default:17
2020/03/19 21:25:56 [emerg] 1#0: host not found in upstream "phpfpm" in /etc/nginx/sites-enabled/default:17
2020/03/19 21:26:57 [emerg] 1#0: host not found in upstream "phpfpm" in /etc/nginx/sites-enabled/default:17
2020/03/19 21:27:59 [emerg] 1#0: host not found in upstream "phpfpm" in /etc/nginx/sites-enabled/default:17
2020/03/19 21:29:01 [emerg] 1#0: host not found in upstream "phpfpm" in /etc/nginx/sites-enabled/default:17
2020/03/19 21:30:03 [emerg] 1#0: host not found in upstream "phpfpm" in /etc/nginx/sites-enabled/default:17
2020/03/19 21:31:06 [emerg] 1#0: host not found in upstream "phpfpm" in /etc/nginx/sites-enabled/default:17
2020/03/19 21:32:08 [emerg] 1#0: host not found in upstream "phpfpm" in /etc/nginx/sites-enabled/default:17
2020/03/19 21:33:09 [emerg] 1#0: host not found in upstream "phpfpm" in /etc/nginx/sites-enabled/default:17
2020/03/19 21:34:11 [emerg] 1#0: host not found in upstream "phpfpm" in /etc/nginx/sites-enabled/default:17
2020/03/19 21:35:12 [emerg] 1#0: host not found in upstream "phpfpm" in /etc/nginx/sites-enabled/default:17
2020/03/19 21:36:14 [emerg] 1#0: host not found in upstream "phpfpm" in /etc/nginx/sites-enabled/default:17
2020/03/19 21:37:20 [emerg] 1#0: host not found in upstream "phpfpm" in /etc/nginx/sites-enabled/default:17
2020/03/19 21:38:23 [emerg] 1#0: host not found in upstream "phpfpm" in /etc/nginx/sites-enabled/default:17
2020/03/19 21:39:26 [emerg] 1#0: host not found in upstream "phpfpm" in /etc/nginx/sites-enabled/default:17
2020/03/19 21:40:29 [emerg] 1#0: host not found in upstream "phpfpm" in /etc/nginx/sites-enabled/default:17
2020/03/19 21:42:15 [emerg] 1#0: host not found in upstream "phpfpm" in /etc/nginx/sites-enabled/default:17
2020/03/19 21:42:18 [emerg] 1#0: host not found in upstream "phpfpm" in /etc/nginx/sites-enabled/default:17
2020/03/19 21:42:20 [emerg] 1#0: host not found in upstream "phpfpm" in /etc/nginx/sites-enabled/default:17
2020/03/19 21:42:28 [emerg] 1#0: host not found in upstream "phpfpm" in /etc/nginx/sites-enabled/default:17
2020/03/19 21:42:31 [emerg] 1#0: host not found in upstream "phpfpm" in /etc/nginx/sites-enabled/default:17
2020/03/19 21:42:34 [emerg] 1#0: host not found in upstream "phpfpm" in /etc/nginx/sites-enabled/default:17
2020/03/19 21:42:39 [emerg] 1#0: host not found in upstream "phpfpm" in /etc/nginx/sites-enabled/default:17
2020/03/19 21:42:47 [emerg] 1#0: host not found in upstream "phpfpm" in /etc/nginx/sites-enabled/default:17
2020/03/19 21:43:01 [emerg] 1#0: host not found in upstream "phpfpm" in /etc/nginx/sites-enabled/default:17
2020/03/19 21:43:28 [emerg] 1#0: host not found in upstream "phpfpm" in /etc/nginx/sites-enabled/default:17
2020/03/19 21:44:21 [emerg] 1#0: host not found in upstream "phpfpm" in /etc/nginx/sites-enabled/default:17
2020/03/19 21:46:28 [emerg] 1#0: host not found in upstream "phpfpm" in /etc/nginx/sites-enabled/default:17
2020/03/19 21:46:30 [emerg] 1#0: host not found in upstream "phpfpm" in /etc/nginx/sites-enabled/default:17
2020/03/19 21:46:33 [emerg] 1#0: host not found in upstream "phpfpm" in /etc/nginx/sites-enabled/default:17
2020/03/19 21:46:41 [emerg] 1#0: host not found in upstream "phpfpm" in /etc/nginx/sites-enabled/default:17
2020/03/19 21:46:43 [emerg] 1#0: host not found in upstream "phpfpm" in /etc/nginx/sites-enabled/default:17
2020/03/19 21:46:52 [emerg] 1#0: host not found in upstream "phpfpm" in /etc/nginx/sites-enabled/default:17
2020/03/19 21:47:02 [emerg] 1#0: host not found in upstream "phpfpm" in /etc/nginx/sites-enabled/default:17
2020/03/19 21:47:10 [emerg] 1#0: host not found in upstream "phpfpm" in /etc/nginx/sites-enabled/default:17
2020/03/19 21:47:24 [emerg] 1#0: host not found in upstream "phpfpm2" in /etc/nginx/sites-enabled/default:17
2020/03/19 21:47:54 [emerg] 1#0: host not found in upstream "phpfpm" in /etc/nginx/sites-enabled/default:17
2020/03/19 21:47:57 [emerg] 1#0: host not found in upstream "phpfpm" in /etc/nginx/sites-enabled/default:17
2020/03/19 21:47:59 [emerg] 1#0: host not found in upstream "phpfpm" in /etc/nginx/sites-enabled/default:17
2020/03/19 21:48:07 [emerg] 1#0: host not found in upstream "phpfpm" in /etc/nginx/sites-enabled/default:17
2020/03/19 21:48:10 [emerg] 1#0: host not found in upstream "phpfpm" in /etc/nginx/sites-enabled/default:17
2020/03/19 21:48:13 [emerg] 1#0: host not found in upstream "phpfpm" in /etc/nginx/sites-enabled/default:17
2020/03/19 21:48:22 [emerg] 1#0: host not found in upstream "phpfpm" in /etc/nginx/sites-enabled/default:17
2020/03/19 21:48:30 [emerg] 1#0: host not found in upstream "phpfpm" in /etc/nginx/sites-enabled/default:17
2020/03/19 21:48:45 [emerg] 1#0: host not found in upstream "phpfpm" in /etc/nginx/sites-enabled/default:17
2020/03/19 21:49:12 [emerg] 1#0: host not found in upstream "phpfpm" in /etc/nginx/sites-enabled/default:17
2020/03/19 21:50:10 [emerg] 1#0: host not found in upstream "phpfpm" in /etc/nginx/sites-enabled/default:17
2020/03/19 21:51:12 [emerg] 1#0: host not found in upstream "phpfpm" in /etc/nginx/sites-enabled/default:17
2020/03/19 21:52:19 [emerg] 1#0: host not found in upstream "phpfpm" in /etc/nginx/sites-enabled/default:17
2020/03/19 21:53:20 [emerg] 1#0: host not found in upstream "phpfpm" in /etc/nginx/sites-enabled/default:17
2020/03/19 21:54:22 [emerg] 1#0: host not found in upstream "phpfpm" in /etc/nginx/sites-enabled/default:17
2020/03/19 21:55:23 [emerg] 1#0: host not found in upstream "phpfpm" in /etc/nginx/sites-enabled/default:17
2020/03/19 21:56:25 [emerg] 1#0: host not found in upstream "phpfpm" in /etc/nginx/sites-enabled/default:17
2020/03/19 21:57:26 [emerg] 1#0: host not found in upstream "phpfpm" in /etc/nginx/sites-enabled/default:17
2020/03/19 21:58:33 [emerg] 1#0: host not found in upstream "phpfpm" in /etc/nginx/sites-enabled/default:17
2020/03/19 21:59:35 [emerg] 1#0: host not found in upstream "phpfpm" in /etc/nginx/sites-enabled/default:17
2020/03/19 22:00:37 [emerg] 1#0: host not found in upstream "phpfpm" in /etc/nginx/sites-enabled/default:17
2020/03/19 22:01:38 [emerg] 1#0: host not found in upstream "phpfpm" in /etc/nginx/sites-enabled/default:17
2020/03/19 22:02:40 [emerg] 1#0: host not found in upstream "phpfpm" in /etc/nginx/sites-enabled/default:17
2020/03/19 22:03:41 [emerg] 1#0: host not found in upstream "phpfpm" in /etc/nginx/sites-enabled/default:17
2020/03/19 22:04:43 [emerg] 1#0: host not found in upstream "phpfpm" in /etc/nginx/sites-enabled/default:17
2020/03/19 22:05:44 [emerg] 1#0: host not found in upstream "phpfpm" in /etc/nginx/sites-enabled/default:17
2020/03/19 22:05:58 [emerg] 1#0: host not found in upstream "phpfpm" in /etc/nginx/sites-enabled/default:17
2020/03/19 22:06:00 [emerg] 1#0: host not found in upstream "phpfpm" in /etc/nginx/sites-enabled/default:17
2020/03/19 22:06:08 [emerg] 1#0: host not found in upstream "phpfpm" in /etc/nginx/sites-enabled/default:17
2020/03/19 22:06:18 [emerg] 1#0: host not found in upstream "phpfpm" in /etc/nginx/sites-enabled/default:17
2020/03/19 22:06:21 [emerg] 1#0: host not found in upstream "phpfpm" in /etc/nginx/sites-enabled/default:17
2020/03/19 22:06:26 [emerg] 1#0: host not found in upstream "phpfpm" in /etc/nginx/sites-enabled/default:17
2020/03/19 22:06:34 [emerg] 1#0: host not found in upstream "phpfpm" in /etc/nginx/sites-enabled/default:17
2020/03/19 22:06:49 [emerg] 1#0: host not found in upstream "phpfpm" in /etc/nginx/sites-enabled/default:17
2020/03/19 22:07:17 [emerg] 1#0: host not found in upstream "phpfpm" in /etc/nginx/sites-enabled/default:17
2020/03/19 22:08:11 [emerg] 1#0: host not found in upstream "phpfpm" in /etc/nginx/sites-enabled/default:17
2020/03/19 22:09:17 [emerg] 1#0: host not found in upstream "phpfpm" in /etc/nginx/sites-enabled/default:17
2020/03/19 22:10:19 [emerg] 1#0: host not found in upstream "phpfpm" in /etc/nginx/sites-enabled/default:17
2020/03/19 22:11:23 [emerg] 1#0: host not found in upstream "phpfpm" in /etc/nginx/sites-enabled/default:17
2020/03/19 22:11:42 [emerg] 1#0: host not found in upstream "phpfpm" in /etc/nginx/sites-enabled/default:17
